[0m09:41:35.100084 [debug] [MainThread]: Sending event: {'category': 'dbt', 'action': 'invocation', 'label': 'start', 'context': [<snowplow_tracker.self_describing_json.SelfDescribingJson object at 0x00000242772472F0>, <snowplow_tracker.self_describing_json.SelfDescribingJson object at 0x000002427488CC20>, <snowplow_tracker.self_describing_json.SelfDescribingJson object at 0x0000024277247830>]}


============================== 09:41:35.107844 | f708263c-8d3c-457a-8cf1-17f1936822aa ==============================
[0m09:41:35.107844 [info ] [MainThread]: Running with dbt=1.11.8
[0m09:41:35.107844 [debug] [MainThread]: running dbt with arguments {'version_check': 'True', 'no_print': 'None', 'static_parser': 'True', 'target_path': 'None', 'warn_error_options': 'WarnErrorOptionsV2(error=[], warn=[], silence=[])', 'printer_width': '80', 'write_json': 'True', 'empty': 'None', 'log_cache_events': 'False', 'introspect': 'True', 'cache_selected_only': 'False', 'fail_fast': 'False', 'debug': 'False', 'log_format': 'default', 'partial_parse': 'True', 'send_anonymous_usage_stats': 'True', 'quiet': 'False', 'warn_error': 'None', 'profiles_dir': 'C:\\Users\\pedro.camargo\\.dbt', 'indirect_selection': 'eager', 'use_colors': 'True', 'invocation_command': 'dbt init', 'use_experimental_parser': 'False', 'log_path': 'logs'}
[0m09:41:50.455527 [debug] [MainThread]: Starter project path: C:\Users\pedro.camargo\AppData\Local\Programs\Python\Python312\Lib\site-packages\dbt\include\starter_project
[0m09:41:50.480351 [info ] [MainThread]: 
Your new dbt project "fabric_cloud" was created!

For more information on how to configure the profiles.yml file,
please consult the dbt documentation here:

  https://docs.getdbt.com/docs/configure-your-profile

One more thing:

Need help? Don't hesitate to reach out to us via GitHub issues or on Slack:

  https://community.getdbt.com/

Happy modeling!

[0m09:41:50.481353 [info ] [MainThread]: Setting up your profile.
[0m09:41:55.485738 [info ] [MainThread]: No sample profile found for fabric.
[0m09:41:55.486612 [debug] [MainThread]: Command `dbt init` succeeded at 09:41:55.486612 after 20.60 seconds
[0m09:41:55.486612 [debug] [MainThread]: Sending event: {'category': 'dbt', 'action': 'invocation', 'label': 'end', 'context': [<snowplow_tracker.self_describing_json.SelfDescribingJson object at 0x00000242769F7FB0>, <snowplow_tracker.self_describing_json.SelfDescribingJson object at 0x0000024278B3B6E0>, <snowplow_tracker.self_describing_json.SelfDescribingJson object at 0x0000024278C8F200>]}
[0m09:41:55.486612 [debug] [MainThread]: Flushing usage events
[0m09:41:56.593208 [debug] [MainThread]: An error was encountered while trying to flush usage events
{"data":{"log_version":3,"version":"=2.0.0-preview.171"},"info":{"category":"","code":"A001","extra":{},"invocation_id":"019dc007-04b2-7271-8f84-fa53ec2fcf12","level":"info","msg":"Running with dbt-fusion=2.0.0-preview.171","name":"MainReportVersion","pid":7364,"thread":"tokio-rt-worker","ts":"2026-04-24T15:06:18.725476Z"}}
{"data":{"args":{"debug":"false","invocation_command":"C:\\Users\\pedro.camargo\\.local\\bin\\dbt.exe license info --json --log-format json","log_format":"json","quiet":"false","write_json":"true"}},"info":{"category":"","code":"A002","extra":{},"invocation_id":"019dc007-04b2-7271-8f84-fa53ec2fcf12","level":"debug","msg":"running dbt-fusion with argumets {\"command\":\"license\",\"vars\":\"{}\",\"limit\":\"10\",\"debug\":false,\"log_format\":\"json\",\"quiet\":false,\"write_json\":true,\"write_catalog\":false}","name":"MainReportArgs","pid":7364,"thread":"tokio-rt-worker","ts":"2026-04-24T15:06:18.725502Z"}}
{"data":{},"info":{"category":"","code":"","extra":{},"invocation_id":"019dc007-04b2-7271-8f84-fa53ec2fcf12","level":"debug","msg":"No active cloud project configured, skipping remote license","name":"Generic","pid":7364,"thread":"tokio-rt-worker","ts":"2026-04-24T15:06:18.746910Z"}}
{"data":{"columns":[],"is_inline":true,"node_name":"license_info","output_format":"json","preview":"{\n  \"status\": \"not_found\",\n  \"licensing_enabled\": true\n}","unique_id":"license.info"},"info":{"category":"","code":"Q041","extra":{},"invocation_id":"019dc007-04b2-7271-8f84-fa53ec2fcf12","level":"info","msg":"{\n  \"status\": \"not_found\",\n  \"licensing_enabled\": true\n}","name":"ShowNode","pid":7364,"thread":"tokio-rt-worker","ts":"2026-04-24T15:06:18.748615Z"}}
{"data":{"completed_at":"2026-04-24T15:06:19.526134Z","elapsed":0.8046963214874268,"success":true},"info":{"category":"","code":"Q039","extra":{},"invocation_id":"019dc007-04b2-7271-8f84-fa53ec2fcf12","level":"info","msg":"\n==================== Execution Summary =====================\nFinished 'license' successfully [804ms]","name":"CommandCompleted","pid":7364,"thread":"tokio-rt-worker","ts":"2026-04-24T15:06:19.529605Z"}}
{"data":{"log_version":3,"version":"=2.0.0-preview.171"},"info":{"category":"","code":"A001","extra":{},"invocation_id":"019dc021-fbf8-7121-93d3-10fa7c32a4fb","level":"info","msg":"Running with dbt-fusion=2.0.0-preview.171","name":"MainReportVersion","pid":15224,"thread":"tokio-rt-worker","ts":"2026-04-24T15:35:46.067059Z"}}
{"data":{"args":{"debug":"false","invocation_command":"C:\\Users\\pedro.camargo\\.local\\bin\\dbt.exe license info --json --log-format json","log_format":"json","quiet":"false","write_json":"true"}},"info":{"category":"","code":"A002","extra":{},"invocation_id":"019dc021-fbf8-7121-93d3-10fa7c32a4fb","level":"debug","msg":"running dbt-fusion with argumets {\"command\":\"license\",\"vars\":\"{}\",\"limit\":\"10\",\"debug\":false,\"log_format\":\"json\",\"quiet\":false,\"write_json\":true,\"write_catalog\":false}","name":"MainReportArgs","pid":15224,"thread":"tokio-rt-worker","ts":"2026-04-24T15:35:46.067175Z"}}
{"data":{},"info":{"category":"","code":"","extra":{},"invocation_id":"019dc021-fbf8-7121-93d3-10fa7c32a4fb","level":"debug","msg":"No active cloud project configured, skipping remote license","name":"Generic","pid":15224,"thread":"tokio-rt-worker","ts":"2026-04-24T15:35:46.138634Z"}}
{"data":{"columns":[],"is_inline":true,"node_name":"license_info","output_format":"json","preview":"{\n  \"status\": \"not_found\",\n  \"licensing_enabled\": true\n}","unique_id":"license.info"},"info":{"category":"","code":"Q041","extra":{},"invocation_id":"019dc021-fbf8-7121-93d3-10fa7c32a4fb","level":"info","msg":"{\n  \"status\": \"not_found\",\n  \"licensing_enabled\": true\n}","name":"ShowNode","pid":15224,"thread":"tokio-rt-worker","ts":"2026-04-24T15:35:46.143251Z"}}
{"data":{"completed_at":"2026-04-24T15:35:47.294403Z","elapsed":1.2350722551345825,"success":true},"info":{"category":"","code":"Q039","extra":{},"invocation_id":"019dc021-fbf8-7121-93d3-10fa7c32a4fb","level":"info","msg":"\n==================== Execution Summary =====================\nFinished 'license' successfully [1.2s]","name":"CommandCompleted","pid":15224,"thread":"tokio-rt-worker","ts":"2026-04-24T15:35:47.298440Z"}}
{"data":{"log_version":3,"version":"=2.0.0-preview.171"},"info":{"category":"","code":"A001","extra":{},"invocation_id":"019dc06e-fdff-7001-873f-1c399606220e","level":"info","msg":"Running with dbt-fusion=2.0.0-preview.171","name":"MainReportVersion","pid":32420,"thread":"tokio-rt-worker","ts":"2026-04-24T16:59:52.800368Z"}}
{"data":{"args":{"debug":"false","invocation_command":"C:\\Users\\pedro.camargo\\.local\\bin\\dbt.exe license info --json --log-format json","log_format":"json","quiet":"false","write_json":"true"}},"info":{"category":"","code":"A002","extra":{},"invocation_id":"019dc06e-fdff-7001-873f-1c399606220e","level":"debug","msg":"running dbt-fusion with argumets {\"command\":\"license\",\"vars\":\"{}\",\"limit\":\"10\",\"debug\":false,\"log_format\":\"json\",\"quiet\":false,\"write_json\":true,\"write_catalog\":false}","name":"MainReportArgs","pid":32420,"thread":"tokio-rt-worker","ts":"2026-04-24T16:59:52.800415Z"}}
{"data":{},"info":{"category":"","code":"","extra":{},"invocation_id":"019dc06e-fdff-7001-873f-1c399606220e","level":"debug","msg":"No active cloud project configured, skipping remote license","name":"Generic","pid":32420,"thread":"tokio-rt-worker","ts":"2026-04-24T16:59:52.844743Z"}}
{"data":{"columns":[],"is_inline":true,"node_name":"license_info","output_format":"json","preview":"{\n  \"status\": \"not_found\",\n  \"licensing_enabled\": true\n}","unique_id":"license.info"},"info":{"category":"","code":"Q041","extra":{},"invocation_id":"019dc06e-fdff-7001-873f-1c399606220e","level":"info","msg":"{\n  \"status\": \"not_found\",\n  \"licensing_enabled\": true\n}","name":"ShowNode","pid":32420,"thread":"tokio-rt-worker","ts":"2026-04-24T16:59:52.848241Z"}}
{"data":{"completed_at":"2026-04-24T16:59:54.031431Z","elapsed":1.2425191402435303,"success":true},"info":{"category":"","code":"Q039","extra":{},"invocation_id":"019dc06e-fdff-7001-873f-1c399606220e","level":"info","msg":"\n==================== Execution Summary =====================\nFinished 'license' successfully [1.2s]","name":"CommandCompleted","pid":32420,"thread":"tokio-rt-worker","ts":"2026-04-24T16:59:54.044557Z"}}
